TN:
SF:src/lambda-lister.ts
FN:12,<instance_members_initializer>
FN:15,LambdaLister
FN:24,listLambdas
FNF:3
FNH:3
FNDA:7,<instance_members_initializer>
FNDA:7,LambdaLister
FNDA:4,listLambdas
DA:1,1
DA:12,1
DA:13,7
DA:15,7
DA:16,7
DA:17,1
DA:18,7
DA:20,6
DA:21,6
DA:22,7
DA:24,7
DA:25,4
DA:26,4
DA:27,4
DA:30,4
DA:31,4
DA:33,4
DA:34,4
DA:37,4
DA:38,4
DA:39,4
DA:40,4
DA:43,3
DA:44,3
DA:45,3
DA:46,4
DA:47,1
DA:48,1
DA:50,0
DA:51,1
DA:53,1
DA:54,1
DA:55,1
DA:56,4
DA:57,4
DA:58,4
DA:59,4
DA:60,7
LF:38
LH:37
BRDA:12,0,0,7
BRDA:15,1,0,7
BRDA:16,2,0,1
BRDA:18,3,0,6
BRDA:20,4,0,5
BRDA:24,5,0,4
BRDA:40,6,0,3
BRDA:46,7,0,1
BRDA:48,8,0,0
BRDA:56,9,0,3
BRF:10
BRH:9
end_of_record
TN:
SF:src/list-lambdas.ts
FN:9,parseCommandLineOptions
FN:25,runListLambdas
FN:29,main
FNF:3
FNH:3
FNDA:8,parseCommandLineOptions
FNDA:6,runListLambdas
FNDA:4,main
DA:1,1
DA:9,1
DA:10,8
DA:11,8
DA:12,8
DA:13,8
DA:14,8
DA:15,8
DA:17,8
DA:18,8
DA:19,8
DA:20,8
DA:22,8
DA:23,8
DA:25,6
DA:26,6
DA:27,4
DA:29,4
DA:30,4
DA:31,4
DA:33,4
DA:34,4
DA:35,4
DA:36,4
DA:37,1
DA:38,1
DA:39,1
DA:40,4
DA:43,1
DA:44,0
DA:45,0
LF:31
LH:29
BRDA:43,0,0,0
BRDA:9,1,0,8
BRDA:25,2,0,6
BRDA:26,3,0,4
BRDA:29,4,0,4
BRDA:35,5,0,3
BRDA:36,6,0,1
BRF:7
BRH:6
end_of_record
