TN:
SF:src/lambda-lister.ts
FN:17,(anonymous_0)
FN:26,(anonymous_1)
FN:30,(anonymous_2)
FNF:3
FNH:3
FNDA:7,(anonymous_0)
FNDA:5,(anonymous_1)
FNDA:4,(anonymous_2)
DA:18,7
DA:19,1
DA:22,6
DA:27,5
DA:31,4
DA:32,4
DA:33,4
DA:36,4
DA:37,4
DA:39,4
DA:40,4
DA:43,4
DA:44,4
DA:49,3
DA:50,3
DA:51,3
DA:53,1
DA:54,1
DA:56,0
DA:59,1
DA:61,1
DA:63,4
LF:22
LH:21
BRDA:18,0,0,1
BRDA:18,0,1,6
BRDA:22,1,0,6
BRDA:22,1,1,5
BRDA:54,2,0,0
BRDA:54,2,1,1
BRDA:56,3,0,0
BRDA:56,3,1,0
BRF:8
BRH:5
end_of_record
TN:
SF:src/list-lambdas.ts
FN:9,parseCommandLineOptions
FN:25,runListLambdas
FN:29,main
FNF:3
FNH:3
FNDA:8,parseCommandLineOptions
FNDA:6,runListLambdas
FNDA:4,main
DA:10,8
DA:11,8
DA:17,8
DA:22,8
DA:26,6
DA:30,4
DA:31,4
DA:33,4
DA:34,4
DA:35,4
DA:37,1
DA:38,1
DA:43,1
DA:44,0
LF:14
LH:13
BRDA:9,0,0,8
BRDA:43,1,0,0
BRDA:43,1,1,1
BRF:3
BRH:2
end_of_record
