TN:
SF:src/list-pods.ts
FN:9,parseCommandLineOptions
FN:29,runListPods
FN:34,main
FNF:3
FNH:3
FNDA:3,parseCommandLineOptions
FNDA:2,runListPods
FNDA:1,main
DA:1,1
DA:9,1
DA:10,3
DA:11,3
DA:12,3
DA:13,3
DA:14,3
DA:15,3
DA:16,3
DA:17,3
DA:19,3
DA:20,3
DA:21,3
DA:22,3
DA:23,3
DA:24,3
DA:26,3
DA:27,3
DA:29,2
DA:30,2
DA:31,2
DA:32,1
DA:34,1
DA:35,1
DA:36,1
DA:37,1
DA:38,1
DA:39,1
DA:40,1
DA:41,1
DA:42,1
DA:45,1
DA:46,0
DA:47,0
LF:34
LH:32
BRDA:45,0,0,0
BRDA:9,1,0,3
BRDA:29,2,0,2
BRDA:31,3,0,1
BRDA:34,4,0,1
BRDA:37,5,0,0
BRF:6
BRH:4
end_of_record
TN:
SF:src/pod-lister.ts
FN:14,<instance_members_initializer>
FN:18,KubernetesPodLister
FN:26,listPods
FNF:3
FNH:3
FNDA:7,<instance_members_initializer>
FNDA:7,KubernetesPodLister
FNDA:5,listPods
DA:1,1
DA:14,1
DA:15,7
DA:16,7
DA:18,7
DA:19,7
DA:20,7
DA:21,6
DA:22,6
DA:23,7
DA:24,7
DA:26,7
DA:27,5
DA:28,5
DA:30,5
DA:31,5
DA:32,5
DA:33,5
DA:35,5
DA:36,5
DA:37,6
DA:38,6
DA:39,6
DA:40,6
DA:41,6
DA:42,6
DA:43,6
DA:44,4
DA:45,1
DA:46,4
DA:47,3
DA:48,4
DA:49,4
DA:50,3
DA:51,4
DA:52,6
DA:53,6
DA:54,2
DA:55,1
DA:56,1
DA:57,1
DA:58,1
DA:59,1
DA:60,6
DA:61,6
DA:62,6
DA:63,6
DA:64,5
DA:65,5
DA:66,5
DA:67,7
LF:51
LH:51
BRDA:14,0,0,7
BRDA:18,1,0,7
BRDA:19,2,0,6
BRDA:20,3,0,6
BRDA:26,4,0,5
BRDA:36,5,0,6
BRDA:43,6,0,4
BRDA:44,7,0,1
BRDA:46,8,0,3
BRDA:47,9,0,4
BRDA:53,10,0,2
BRDA:54,11,0,1
BRDA:61,12,0,6
BRF:13
BRH:13
end_of_record
