SF:src/lambda-lister.ts
DA:1,1
DA:12,1
DA:13,7
DA:15,7
DA:16,7
DA:17,1
DA:18,7
DA:20,6
DA:21,6
DA:22,7
DA:24,7
DA:25,4
DA:26,4
DA:27,4
DA:30,4
DA:31,4
DA:33,4
DA:34,4
DA:37,4
DA:38,4
DA:39,4
DA:40,4
DA:43,3
DA:44,3
DA:45,3
DA:46,4
DA:47,1
DA:48,1
DA:50,0
DA:51,1
DA:53,1
DA:54,1
DA:55,1
DA:56,4
DA:57,4
DA:58,4
DA:59,4
DA:60,7
BRDA:12,0,0,7
BRDA:15,1,0,7
BRDA:16,2,0,1
BRDA:18,3,0,6
BRDA:20,4,0,5
BRDA:24,5,0,4
BRDA:40,6,0,3
BRDA:46,7,0,1
BRDA:48,8,0,0
BRDA:56,9,0,3
end_of_record
SF:src/list-lambdas.ts
DA:1,1
DA:9,1
DA:10,8
DA:11,8
DA:12,8
DA:13,8
DA:14,8
DA:15,8
DA:17,8
DA:18,8
DA:19,8
DA:20,8
DA:22,8
DA:23,8
DA:25,6
DA:26,6
DA:27,4
DA:29,4
DA:30,4
DA:31,4
DA:33,4
DA:34,4
DA:35,4
DA:36,4
DA:37,1
DA:38,1
DA:39,1
DA:40,4
DA:43,1
DA:44,0
DA:45,0
BRDA:43,0,0,0
BRDA:9,1,0,8
BRDA:25,2,0,6
BRDA:26,3,0,4
BRDA:29,4,0,4
BRDA:35,5,0,3
BRDA:36,6,0,1
end_of_record
SF:src/list-pods.ts
DA:1,1
DA:9,1
DA:10,3
DA:11,3
DA:12,3
DA:13,3
DA:14,3
DA:15,3
DA:16,3
DA:17,3
DA:19,3
DA:20,3
DA:21,3
DA:22,3
DA:23,3
DA:24,3
DA:26,3
DA:27,3
DA:29,2
DA:30,2
DA:31,2
DA:32,1
DA:34,1
DA:35,1
DA:36,1
DA:37,1
DA:38,1
DA:39,1
DA:40,1
DA:41,1
DA:42,1
DA:45,1
DA:46,0
DA:47,0
BRDA:45,0,0,0
BRDA:9,1,0,3
BRDA:29,2,0,2
BRDA:31,3,0,1
BRDA:34,4,0,1
BRDA:37,5,0,0
end_of_record
SF:src/pod-lister.ts
DA:1,1
DA:14,1
DA:15,7
DA:16,7
DA:18,7
DA:19,7
DA:20,7
DA:21,6
DA:22,6
DA:23,7
DA:24,7
DA:26,7
DA:27,5
DA:28,5
DA:30,5
DA:31,5
DA:32,5
DA:33,5
DA:35,5
DA:36,5
DA:37,6
DA:38,6
DA:39,6
DA:40,6
DA:41,6
DA:42,6
DA:43,6
DA:44,4
DA:45,1
DA:46,4
DA:47,3
DA:48,4
DA:49,4
DA:50,3
DA:51,4
DA:52,6
DA:53,6
DA:54,2
DA:55,1
DA:56,1
DA:57,1
DA:58,1
DA:59,1
DA:60,6
DA:61,6
DA:62,6
DA:63,6
DA:64,5
DA:65,5
DA:66,5
DA:67,7
BRDA:14,0,0,7
BRDA:18,1,0,7
BRDA:19,2,0,6
BRDA:20,3,0,6
BRDA:26,4,0,5
BRDA:36,5,0,6
BRDA:43,6,0,4
BRDA:44,7,0,1
BRDA:46,8,0,3
BRDA:47,9,0,4
BRDA:53,10,0,2
BRDA:54,11,0,1
BRDA:61,12,0,6
end_of_record
